<?xml version="1.0" encoding="UTF-8"?>
<testsuite name="com.ingjuanfg.CalculatorTest" tests="1" skipped="0" failures="0" errors="0" timestamp="2021-09-01T00:47:49" hostname="DESKTOP-3LGORHS" time="0.019">
  <properties/>
  <testcase name="testSumarDosEnterosFallida()" classname="com.ingjuanfg.CalculatorTest" time="0.019"/>
  <system-out><![CDATA[]]></system-out>
  <system-err><![CDATA[]]></system-err>
</testsuite>
